[ 2022-12-13 15:50:58,426 ] 16 root - INFO - >>>>>>>>>>>>>>>>>>>>>>>>>>>>>>>>>>>>>>>> Data Ingestion <<<<<<<<<<<<<<<<<<<<<<<<<<<<<<<<<<<<<<<<
[ 2022-12-13 15:50:58,426 ] 23 root - INFO - Exporting collection data as pandas dataframe
[ 2022-12-13 15:50:58,427 ] 10 root - INFO - Reading data from database: aps and collection: sensor
[ 2022-12-13 15:51:01,933 ] 12 root - INFO - Found columns: Index(['_id', 'class', 'aa_000', 'ab_000', 'ac_000', 'ad_000', 'ae_000',
       'af_000', 'ag_000', 'ag_001',
       ...
       'ee_002', 'ee_003', 'ee_004', 'ee_005', 'ee_006', 'ee_007', 'ee_008',
       'ee_009', 'ef_000', 'eg_000'],
      dtype='object', length=172)
[ 2022-12-13 15:51:01,933 ] 14 root - INFO - Dropping column: _id
[ 2022-12-13 15:51:02,143 ] 16 root - INFO - Row and Columns in df: (36188, 171)
[ 2022-12-13 15:51:02,143 ] 29 root - INFO - Save data in feature store
[ 2022-12-13 15:51:02,678 ] 36 root - INFO - Create feature store if not available
[ 2022-12-13 15:51:02,678 ] 40 root - INFO - Save df to feature store folder
[ 2022-12-13 15:51:05,217 ] 44 root - INFO - Split dataset into train and test set
[ 2022-12-13 15:51:05,884 ] 48 root - INFO - create dataset directory folder if not available
[ 2022-12-13 15:51:05,884 ] 53 root - INFO - Save df to feature store folder
[ 2022-12-13 15:51:08,131 ] 64 root - INFO - Data Ingestion artifact: DataIngestionArtifact(feature_store_file_path='/config/workspace/artifact/12132022__155058/data_ingestion/feature_store/sensor.csv', train_file_path='/config/workspace/artifact/12132022__155058/data_ingestion/dataset/train.csv', test_file_path='/config/workspace/artifact/12132022__155058/data_ingestion/dataset/test.csv')
[ 2022-12-13 15:51:08,618 ] 17 root - INFO - >>>>>>>>>>>>>>>>>>>>>>>>>>>>>>>>>>>>>>>> Data Ingestion <<<<<<<<<<<<<<<<<<<<<<<<<<<<<<<<<<<<<<<<
[ 2022-12-13 15:51:08,619 ] 104 root - INFO - Reading base dataframe
[ 2022-12-13 15:51:11,514 ] 107 root - INFO - Replace na value in base df
[ 2022-12-13 15:51:11,514 ] 109 root - INFO - Drop null value columns from base df
[ 2022-12-13 15:51:12,437 ] 36 root - INFO - selecting column name which contains null values above0.7
[ 2022-12-13 15:51:12,438 ] 40 root - INFO - Columns to drop:Index(['ab_000', 'bn_000', 'bo_000', 'bp_000', 'bq_000', 'br_000', 'cr_000'], dtype='object')
[ 2022-12-13 15:51:12,549 ] 45 root - INFO - return none value if no columns left
[ 2022-12-13 15:51:12,549 ] 112 root - INFO - Reading train dataframe
[ 2022-12-13 15:51:12,940 ] 114 root - INFO - Reading test dataframe
[ 2022-12-13 15:51:13,044 ] 117 root - INFO - Drop null value columns from train df
[ 2022-12-13 15:51:13,056 ] 36 root - INFO - selecting column name which contains null values above0.7
[ 2022-12-13 15:51:13,057 ] 40 root - INFO - Columns to drop:Index(['ab_000', 'bn_000', 'bo_000', 'bp_000', 'bq_000', 'br_000', 'cr_000'], dtype='object')
[ 2022-12-13 15:51:13,067 ] 45 root - INFO - return none value if no columns left
[ 2022-12-13 15:51:13,067 ] 119 root - INFO - Drop null value columns from test df
[ 2022-12-13 15:51:13,071 ] 36 root - INFO - selecting column name which contains null values above0.7
[ 2022-12-13 15:51:13,071 ] 40 root - INFO - Columns to drop:Index(['ab_000', 'bn_000', 'bo_000', 'bp_000', 'bq_000', 'br_000', 'cr_000'], dtype='object')
[ 2022-12-13 15:51:13,074 ] 45 root - INFO - return none value if no columns left
[ 2022-12-13 15:51:20,503 ] 130 root - INFO - Is all required columns present in train df
[ 2022-12-13 15:51:20,503 ] 132 root - INFO - Is all required columns present in test df
[ 2022-12-13 15:51:20,503 ] 136 root - INFO - As all columns are available in train df hence detecting data drift
[ 2022-12-13 15:51:25,250 ] 139 root - INFO - As all columns are available in test df hence detecting data drift
[ 2022-12-13 15:51:26,626 ] 144 root - INFO - write a report in yaml file
