[ 2022-12-13 15:34:24,111 ] 16 root - INFO - >>>>>>>>>>>>>>>>>>>>>>>>>>>>>>>>>>>>>>>> Data Ingestion <<<<<<<<<<<<<<<<<<<<<<<<<<<<<<<<<<<<<<<<
[ 2022-12-13 15:34:24,111 ] 23 root - INFO - Exporting collection data as pandas dataframe
[ 2022-12-13 15:34:24,111 ] 10 root - INFO - Reading data from database: aps and collection: sensor
[ 2022-12-13 15:34:27,855 ] 12 root - INFO - Found columns: Index(['_id', 'class', 'aa_000', 'ab_000', 'ac_000', 'ad_000', 'ae_000',
       'af_000', 'ag_000', 'ag_001',
       ...
       'ee_002', 'ee_003', 'ee_004', 'ee_005', 'ee_006', 'ee_007', 'ee_008',
       'ee_009', 'ef_000', 'eg_000'],
      dtype='object', length=172)
[ 2022-12-13 15:34:27,855 ] 14 root - INFO - Dropping column: _id
[ 2022-12-13 15:34:28,072 ] 16 root - INFO - Row and Columns in df: (36188, 171)
[ 2022-12-13 15:34:28,072 ] 29 root - INFO - Save data in feature store
[ 2022-12-13 15:34:28,684 ] 36 root - INFO - Create feature store if not available
[ 2022-12-13 15:34:28,685 ] 40 root - INFO - Save df to feature store folder
[ 2022-12-13 15:34:31,261 ] 44 root - INFO - Split dataset into train and test set
[ 2022-12-13 15:34:31,977 ] 48 root - INFO - create dataset directory folder if not available
[ 2022-12-13 15:34:31,977 ] 53 root - INFO - Save df to feature store folder
[ 2022-12-13 15:34:34,158 ] 64 root - INFO - Data Ingestion artifact: DataIngestionArtifact(feature_store_file_path='/config/workspace/artifact/12132022__153424/data_ingestion/feature_store/sensor.csv', train_file_path='/config/workspace/artifact/12132022__153424/data_ingestion/dataset/train.csv', test_file_path='/config/workspace/artifact/12132022__153424/data_ingestion/dataset/test.csv')
[ 2022-12-13 15:34:34,591 ] 17 root - INFO - >>>>>>>>>>>>>>>>>>>>>>>>>>>>>>>>>>>>>>>> Data Ingestion <<<<<<<<<<<<<<<<<<<<<<<<<<<<<<<<<<<<<<<<
[ 2022-12-13 15:34:34,591 ] 104 root - INFO - Reading base dataframe
[ 2022-12-13 15:34:37,471 ] 107 root - INFO - Replace na value in base df
[ 2022-12-13 15:34:37,471 ] 109 root - INFO - Drop null value columns from base df
[ 2022-12-13 15:34:38,362 ] 36 root - INFO - selecting column name which contains null values above0.7
[ 2022-12-13 15:34:38,363 ] 40 root - INFO - Columns to drop:Index(['ab_000', 'bn_000', 'bo_000', 'bp_000', 'bq_000', 'br_000', 'cr_000'], dtype='object')
[ 2022-12-13 15:34:38,445 ] 45 root - INFO - return none value if no columns left
[ 2022-12-13 15:34:38,445 ] 112 root - INFO - Reading train dataframe
[ 2022-12-13 15:34:38,840 ] 114 root - INFO - Reading test dataframe
[ 2022-12-13 15:34:38,945 ] 117 root - INFO - Drop null value columns from train df
[ 2022-12-13 15:34:38,962 ] 36 root - INFO - selecting column name which contains null values above0.7
[ 2022-12-13 15:34:38,962 ] 40 root - INFO - Columns to drop:Index(['ab_000', 'bn_000', 'bo_000', 'bp_000', 'bq_000', 'br_000', 'cr_000'], dtype='object')
[ 2022-12-13 15:34:38,974 ] 45 root - INFO - return none value if no columns left
[ 2022-12-13 15:34:38,975 ] 119 root - INFO - Drop null value columns from test df
[ 2022-12-13 15:34:38,978 ] 36 root - INFO - selecting column name which contains null values above0.7
[ 2022-12-13 15:34:38,979 ] 40 root - INFO - Columns to drop:Index(['ab_000', 'bn_000', 'bo_000', 'bp_000', 'bq_000', 'br_000', 'cr_000'], dtype='object')
[ 2022-12-13 15:34:38,983 ] 45 root - INFO - return none value if no columns left
[ 2022-12-13 15:34:38,983 ] 122 root - INFO - Is all required columns present in train df
[ 2022-12-13 15:34:38,983 ] 124 root - INFO - Is all required columns present in test df
[ 2022-12-13 15:34:38,984 ] 128 root - INFO - As all columns are available in train df hence detecting data drift
