[ 2022-12-13 15:47:02,419 ] 16 root - INFO - >>>>>>>>>>>>>>>>>>>>>>>>>>>>>>>>>>>>>>>> Data Ingestion <<<<<<<<<<<<<<<<<<<<<<<<<<<<<<<<<<<<<<<<
[ 2022-12-13 15:47:02,419 ] 23 root - INFO - Exporting collection data as pandas dataframe
[ 2022-12-13 15:47:02,419 ] 10 root - INFO - Reading data from database: aps and collection: sensor
[ 2022-12-13 15:47:06,141 ] 12 root - INFO - Found columns: Index(['_id', 'class', 'aa_000', 'ab_000', 'ac_000', 'ad_000', 'ae_000',
       'af_000', 'ag_000', 'ag_001',
       ...
       'ee_002', 'ee_003', 'ee_004', 'ee_005', 'ee_006', 'ee_007', 'ee_008',
       'ee_009', 'ef_000', 'eg_000'],
      dtype='object', length=172)
[ 2022-12-13 15:47:06,141 ] 14 root - INFO - Dropping column: _id
[ 2022-12-13 15:47:06,336 ] 16 root - INFO - Row and Columns in df: (36188, 171)
[ 2022-12-13 15:47:06,336 ] 29 root - INFO - Save data in feature store
[ 2022-12-13 15:47:06,974 ] 36 root - INFO - Create feature store if not available
[ 2022-12-13 15:47:06,975 ] 40 root - INFO - Save df to feature store folder
[ 2022-12-13 15:47:09,463 ] 44 root - INFO - Split dataset into train and test set
[ 2022-12-13 15:47:10,130 ] 48 root - INFO - create dataset directory folder if not available
[ 2022-12-13 15:47:10,131 ] 53 root - INFO - Save df to feature store folder
[ 2022-12-13 15:47:12,328 ] 64 root - INFO - Data Ingestion artifact: DataIngestionArtifact(feature_store_file_path='/config/workspace/artifact/12132022__154702/data_ingestion/feature_store/sensor.csv', train_file_path='/config/workspace/artifact/12132022__154702/data_ingestion/dataset/train.csv', test_file_path='/config/workspace/artifact/12132022__154702/data_ingestion/dataset/test.csv')
[ 2022-12-13 15:47:12,762 ] 17 root - INFO - >>>>>>>>>>>>>>>>>>>>>>>>>>>>>>>>>>>>>>>> Data Ingestion <<<<<<<<<<<<<<<<<<<<<<<<<<<<<<<<<<<<<<<<
[ 2022-12-13 15:47:12,762 ] 104 root - INFO - Reading base dataframe
[ 2022-12-13 15:47:15,603 ] 107 root - INFO - Replace na value in base df
[ 2022-12-13 15:47:15,604 ] 109 root - INFO - Drop null value columns from base df
[ 2022-12-13 15:47:16,510 ] 36 root - INFO - selecting column name which contains null values above0.7
[ 2022-12-13 15:47:16,511 ] 40 root - INFO - Columns to drop:Index(['ab_000', 'bn_000', 'bo_000', 'bp_000', 'bq_000', 'br_000', 'cr_000'], dtype='object')
[ 2022-12-13 15:47:16,618 ] 45 root - INFO - return none value if no columns left
[ 2022-12-13 15:47:16,618 ] 112 root - INFO - Reading train dataframe
[ 2022-12-13 15:47:17,036 ] 114 root - INFO - Reading test dataframe
[ 2022-12-13 15:47:17,137 ] 117 root - INFO - Drop null value columns from train df
[ 2022-12-13 15:47:17,149 ] 36 root - INFO - selecting column name which contains null values above0.7
[ 2022-12-13 15:47:17,149 ] 40 root - INFO - Columns to drop:Index(['ab_000', 'bn_000', 'bo_000', 'bp_000', 'bq_000', 'br_000', 'cr_000'], dtype='object')
[ 2022-12-13 15:47:17,160 ] 45 root - INFO - return none value if no columns left
[ 2022-12-13 15:47:17,160 ] 119 root - INFO - Drop null value columns from test df
[ 2022-12-13 15:47:17,164 ] 36 root - INFO - selecting column name which contains null values above0.7
[ 2022-12-13 15:47:17,164 ] 40 root - INFO - Columns to drop:Index(['ab_000', 'bn_000', 'bo_000', 'bp_000', 'bq_000', 'br_000', 'cr_000'], dtype='object')
[ 2022-12-13 15:47:17,168 ] 45 root - INFO - return none value if no columns left
[ 2022-12-13 15:47:24,651 ] 130 root - INFO - Is all required columns present in train df
[ 2022-12-13 15:47:24,651 ] 132 root - INFO - Is all required columns present in test df
[ 2022-12-13 15:47:24,652 ] 136 root - INFO - As all columns are available in train df hence detecting data drift
[ 2022-12-13 15:47:28,451 ] 139 root - INFO - As all columns are available in test df hence detecting data drift
[ 2022-12-13 15:47:29,840 ] 144 root - INFO - write a report in yaml file
