[ 2022-12-13 15:55:13,307 ] 16 root - INFO - >>>>>>>>>>>>>>>>>>>>>>>>>>>>>>>>>>>>>>>> Data Ingestion <<<<<<<<<<<<<<<<<<<<<<<<<<<<<<<<<<<<<<<<
[ 2022-12-13 15:55:13,307 ] 23 root - INFO - Exporting collection data as pandas dataframe
[ 2022-12-13 15:55:13,307 ] 10 root - INFO - Reading data from database: aps and collection: sensor
[ 2022-12-13 15:55:16,820 ] 12 root - INFO - Found columns: Index(['_id', 'class', 'aa_000', 'ab_000', 'ac_000', 'ad_000', 'ae_000',
       'af_000', 'ag_000', 'ag_001',
       ...
       'ee_002', 'ee_003', 'ee_004', 'ee_005', 'ee_006', 'ee_007', 'ee_008',
       'ee_009', 'ef_000', 'eg_000'],
      dtype='object', length=172)
[ 2022-12-13 15:55:16,821 ] 14 root - INFO - Dropping column: _id
[ 2022-12-13 15:55:17,022 ] 16 root - INFO - Row and Columns in df: (36188, 171)
[ 2022-12-13 15:55:17,022 ] 29 root - INFO - Save data in feature store
[ 2022-12-13 15:55:17,554 ] 36 root - INFO - Create feature store if not available
[ 2022-12-13 15:55:17,555 ] 40 root - INFO - Save df to feature store folder
[ 2022-12-13 15:55:19,907 ] 44 root - INFO - Split dataset into train and test set
[ 2022-12-13 15:55:20,418 ] 48 root - INFO - create dataset directory folder if not available
[ 2022-12-13 15:55:20,418 ] 53 root - INFO - Save df to feature store folder
[ 2022-12-13 15:55:22,528 ] 64 root - INFO - Data Ingestion artifact: DataIngestionArtifact(feature_store_file_path='/config/workspace/artifact/12132022__155513/data_ingestion/feature_store/sensor.csv', train_file_path='/config/workspace/artifact/12132022__155513/data_ingestion/dataset/train.csv', test_file_path='/config/workspace/artifact/12132022__155513/data_ingestion/dataset/test.csv')
[ 2022-12-13 15:55:22,958 ] 17 root - INFO - >>>>>>>>>>>>>>>>>>>>>>>>>>>>>>>>>>>>>>>> Data Ingestion <<<<<<<<<<<<<<<<<<<<<<<<<<<<<<<<<<<<<<<<
[ 2022-12-13 15:55:22,959 ] 104 root - INFO - Reading base dataframe
[ 2022-12-13 15:55:26,096 ] 107 root - INFO - Replace na value in base df
[ 2022-12-13 15:55:26,096 ] 109 root - INFO - Drop null value columns from base df
[ 2022-12-13 15:55:27,308 ] 36 root - INFO - selecting column name which contains null values above0.7
[ 2022-12-13 15:55:27,309 ] 40 root - INFO - Columns to drop:Index(['ab_000', 'bn_000', 'bo_000', 'bp_000', 'bq_000', 'br_000', 'cr_000'], dtype='object')
[ 2022-12-13 15:55:27,453 ] 45 root - INFO - return none value if no columns left
[ 2022-12-13 15:55:27,453 ] 112 root - INFO - Reading train dataframe
[ 2022-12-13 15:55:27,993 ] 114 root - INFO - Reading test dataframe
[ 2022-12-13 15:55:28,123 ] 117 root - INFO - Drop null value columns from train df
[ 2022-12-13 15:55:28,138 ] 36 root - INFO - selecting column name which contains null values above0.7
[ 2022-12-13 15:55:28,138 ] 40 root - INFO - Columns to drop:Index(['ab_000', 'bn_000', 'bo_000', 'bp_000', 'bq_000', 'br_000', 'cr_000'], dtype='object')
[ 2022-12-13 15:55:28,152 ] 45 root - INFO - return none value if no columns left
[ 2022-12-13 15:55:28,152 ] 119 root - INFO - Drop null value columns from test df
[ 2022-12-13 15:55:28,156 ] 36 root - INFO - selecting column name which contains null values above0.7
[ 2022-12-13 15:55:28,157 ] 40 root - INFO - Columns to drop:Index(['ab_000', 'bn_000', 'bo_000', 'bp_000', 'bq_000', 'br_000', 'cr_000'], dtype='object')
[ 2022-12-13 15:55:28,161 ] 45 root - INFO - return none value if no columns left
[ 2022-12-13 15:55:36,466 ] 130 root - INFO - Is all required columns present in train df
[ 2022-12-13 15:55:36,466 ] 132 root - INFO - Is all required columns present in test df
[ 2022-12-13 15:55:36,467 ] 136 root - INFO - As all columns are available in train df hence detecting data drift
[ 2022-12-13 15:55:41,657 ] 139 root - INFO - As all columns are available in test df hence detecting data drift
[ 2022-12-13 15:55:43,250 ] 144 root - INFO - write a report in yaml file
