[ 2022-12-13 16:10:50,856 ] 16 root - INFO - >>>>>>>>>>>>>>>>>>>>>>>>>>>>>>>>>>>>>>>> Data Ingestion <<<<<<<<<<<<<<<<<<<<<<<<<<<<<<<<<<<<<<<<
[ 2022-12-13 16:10:50,857 ] 23 root - INFO - Exporting collection data as pandas dataframe
[ 2022-12-13 16:10:50,857 ] 10 root - INFO - Reading data from database: aps and collection: sensor
[ 2022-12-13 16:10:55,687 ] 12 root - INFO - Found columns: Index(['_id', 'class', 'aa_000', 'ab_000', 'ac_000', 'ad_000', 'ae_000',
       'af_000', 'ag_000', 'ag_001',
       ...
       'ee_002', 'ee_003', 'ee_004', 'ee_005', 'ee_006', 'ee_007', 'ee_008',
       'ee_009', 'ef_000', 'eg_000'],
      dtype='object', length=172)
[ 2022-12-13 16:10:55,688 ] 14 root - INFO - Dropping column: _id
[ 2022-12-13 16:10:56,445 ] 16 root - INFO - Row and Columns in df: (36188, 171)
[ 2022-12-13 16:10:56,445 ] 29 root - INFO - Save data in feature store
[ 2022-12-13 16:10:57,523 ] 36 root - INFO - Create feature store if not available
[ 2022-12-13 16:10:57,524 ] 40 root - INFO - Save df to feature store folder
[ 2022-12-13 16:11:00,895 ] 44 root - INFO - Split dataset into train and test set
[ 2022-12-13 16:11:01,698 ] 48 root - INFO - create dataset directory folder if not available
[ 2022-12-13 16:11:01,698 ] 53 root - INFO - Save df to feature store folder
[ 2022-12-13 16:11:04,566 ] 64 root - INFO - Data Ingestion artifact: DataIngestionArtifact(feature_store_file_path='/config/workspace/artifact/12132022__161050/data_ingestion/feature_store/sensor.csv', train_file_path='/config/workspace/artifact/12132022__161050/data_ingestion/dataset/train.csv', test_file_path='/config/workspace/artifact/12132022__161050/data_ingestion/dataset/test.csv')
[ 2022-12-13 16:11:05,179 ] 17 root - INFO - >>>>>>>>>>>>>>>>>>>>>>>>>>>>>>>>>>>>>>>> Data Ingestion <<<<<<<<<<<<<<<<<<<<<<<<<<<<<<<<<<<<<<<<
[ 2022-12-13 16:11:05,179 ] 104 root - INFO - Reading base dataframe
[ 2022-12-13 16:11:08,729 ] 107 root - INFO - Replace na value in base df
[ 2022-12-13 16:11:08,729 ] 109 root - INFO - Drop null value columns from base df
[ 2022-12-13 16:11:09,935 ] 36 root - INFO - selecting column name which contains null values above0.7
[ 2022-12-13 16:11:09,936 ] 40 root - INFO - Columns to drop:['ab_000', 'bn_000', 'bo_000', 'bp_000', 'bq_000', 'br_000', 'cr_000']
[ 2022-12-13 16:11:10,051 ] 45 root - INFO - return none value if no columns left
[ 2022-12-13 16:11:10,051 ] 112 root - INFO - Reading train dataframe
[ 2022-12-13 16:11:10,526 ] 114 root - INFO - Reading test dataframe
[ 2022-12-13 16:11:10,650 ] 117 root - INFO - Drop null value columns from train df
[ 2022-12-13 16:11:10,665 ] 36 root - INFO - selecting column name which contains null values above0.7
[ 2022-12-13 16:11:10,666 ] 40 root - INFO - Columns to drop:['ab_000', 'bn_000', 'bo_000', 'bp_000', 'bq_000', 'br_000', 'cr_000']
[ 2022-12-13 16:11:10,678 ] 45 root - INFO - return none value if no columns left
[ 2022-12-13 16:11:10,679 ] 119 root - INFO - Drop null value columns from test df
[ 2022-12-13 16:11:10,683 ] 36 root - INFO - selecting column name which contains null values above0.7
[ 2022-12-13 16:11:10,684 ] 40 root - INFO - Columns to drop:['ab_000', 'bn_000', 'bo_000', 'bp_000', 'bq_000', 'br_000', 'cr_000']
[ 2022-12-13 16:11:10,687 ] 45 root - INFO - return none value if no columns left
[ 2022-12-13 16:11:18,516 ] 130 root - INFO - Is all required columns present in train df
[ 2022-12-13 16:11:18,517 ] 132 root - INFO - Is all required columns present in test df
[ 2022-12-13 16:11:18,517 ] 136 root - INFO - As all columns are available in train df hence detecting data drift
[ 2022-12-13 16:11:22,350 ] 139 root - INFO - As all columns are available in test df hence detecting data drift
[ 2022-12-13 16:11:23,696 ] 144 root - INFO - write a report in yaml file
[ 2022-12-13 16:11:23,771 ] 149 root - INFO - Data validation artifact: DataValidationArtifact(report_file_path='/config/workspace/artifact/12132022__161050/data_validation/report.yaml')
